#
# There is insufficient memory for the Java Runtime Environment to continue.
# Native memory allocation (malloc) failed to allocate 480104 bytes for AllocateHeap
# Possible reasons:
#   The system is out of physical RAM or swap space
#   In 32 bit mode, the process size limit was hit
# Possible solutions:
#   Reduce memory load on the system
#   Increase physical memory or swap space
#   Check if swap backing store is full
#   Use 64 bit Java on a 64 bit OS
#   Decrease Java heap size (-Xmx/-Xms)
#   Decrease number of Java threads
#   Decrease Java thread stack sizes (-Xss)
#   Set larger code cache with -XX:ReservedCodeCacheSize=
# This output file may be truncated or incomplete.
#
#  Out of Memory Error (memory/allocation.inline.hpp:62), pid=16688, tid=17400
#
# JRE version:  (8.0_31-b13) (build )
# Java VM: Java HotSpot(TM) 64-Bit Server VM (25.31-b07 mixed mode windows-amd64 compressed oops)
# Failed to write core dump. Minidumps are not enabled by default on client versions of Windows
#

---------------  T H R E A D  ---------------

Current thread (0x0000000001d8d800):  JavaThread "Unknown thread" [_thread_in_vm, id=17400, stack(0x0000000001c10000,0x0000000001d10000)]

Stack: [0x0000000001c10000,0x0000000001d10000]
Native frames: (J=compiled Java code, j=interpreted, Vv=VM code, C=native code)
V  [jvm.dll+0x3169ba]


---------------  P R O C E S S  ---------------

Java Threads: ( => current thread )

Other Threads:

=>0x0000000001d8d800 (exited) JavaThread "Unknown thread" [_thread_in_vm, id=17400, stack(0x0000000001c10000,0x0000000001d10000)]

VM state:not at safepoint (not fully initialized)

VM Mutex/Monitor currently owned by a thread: None

GC Heap History (0 events):
No events

Deoptimization events (0 events):
No events

Internal exceptions (0 events):
No events

Events (0 events):
No events


Dynamic libraries:
0x00007ff76d9d0000 - 0x00007ff76da04000 	C:\Program Files\Java\jdk1.8.0_31\bin\java.exe
0x00007ffc75330000 - 0x00007ffc754dc000 	C:\WINDOWS\SYSTEM32\ntdll.dll
0x00007ffc744d0000 - 0x00007ffc7460e000 	C:\WINDOWS\system32\KERNEL32.DLL
0x00007ffc72890000 - 0x00007ffc729a5000 	C:\WINDOWS\system32\KERNELBASE.dll
0x00007ffc70f20000 - 0x00007ffc70fae000 	C:\WINDOWS\system32\apphelp.dll
0x00007ffc5c6f0000 - 0x00007ffc5c743000 	C:\WINDOWS\AppPatch\AppPatch64\AcGenral.DLL
0x00007ffc74e40000 - 0x00007ffc74eea000 	C:\WINDOWS\system32\msvcrt.dll
0x00007ffc722b0000 - 0x00007ffc722de000 	C:\WINDOWS\SYSTEM32\SspiCli.dll
0x00007ffc729b0000 - 0x00007ffc72a04000 	C:\WINDOWS\system32\SHLWAPI.dll
0x00007ffc74350000 - 0x00007ffc744c7000 	C:\WINDOWS\system32\USER32.dll
0x00007ffc75190000 - 0x00007ffc75324000 	C:\WINDOWS\system32\ole32.dll
0x00007ffc72dc0000 - 0x00007ffc742d8000 	C:\WINDOWS\system32\SHELL32.dll
0x00007ffc71a20000 - 0x00007ffc71a41000 	C:\WINDOWS\SYSTEM32\USERENV.dll
0x00007ffc72b60000 - 0x00007ffc72c0a000 	C:\WINDOWS\system32\ADVAPI32.dll
0x00007ffc5fb80000 - 0x00007ffc5fb9e000 	C:\WINDOWS\SYSTEM32\MPR.dll
0x00007ffc72a10000 - 0x00007ffc72b51000 	C:\WINDOWS\system32\RPCRT4.dll
0x00007ffc74d20000 - 0x00007ffc74d79000 	C:\WINDOWS\SYSTEM32\sechost.dll
0x00007ffc74b00000 - 0x00007ffc74d11000 	C:\WINDOWS\SYSTEM32\combase.dll
0x00007ffc74fc0000 - 0x00007ffc75111000 	C:\WINDOWS\system32\GDI32.dll
0x00007ffc72480000 - 0x00007ffc72495000 	C:\WINDOWS\SYSTEM32\profapi.dll
0x00007ffc708d0000 - 0x00007ffc70982000 	C:\WINDOWS\SYSTEM32\SHCORE.dll
0x00007ffc74ac0000 - 0x00007ffc74af6000 	C:\WINDOWS\system32\IMM32.DLL
0x00007ffc74670000 - 0x00007ffc747c2000 	C:\WINDOWS\system32\MSCTF.dll
0x00007ffc6fea0000 - 0x00007ffc7011b000 	C:\WINDOWS\WinSxS\amd64_microsoft.windows.common-controls_6595b64144ccf1df_6.0.9600.17415_none_6240486fecbd8abb\COMCTL32.dll
0x0000000073460000 - 0x0000000073532000 	C:\Program Files\Java\jdk1.8.0_31\jre\bin\msvcr100.dll
0x00000000737e0000 - 0x000000007403a000 	C:\Program Files\Java\jdk1.8.0_31\jre\bin\server\jvm.dll
0x00007ffc693c0000 - 0x00007ffc693c9000 	C:\WINDOWS\SYSTEM32\WSOCK32.dll
0x00007ffc6dfc0000 - 0x00007ffc6dfe2000 	C:\WINDOWS\SYSTEM32\WINMM.dll
0x00007ffc749f0000 - 0x00007ffc749f7000 	C:\WINDOWS\system32\PSAPI.DLL
0x00007ffc75120000 - 0x00007ffc7517a000 	C:\WINDOWS\system32\WS2_32.dll
0x00007ffc6e000000 - 0x00007ffc6e02a000 	C:\WINDOWS\SYSTEM32\WINMMBASE.dll
0x00007ffc749b0000 - 0x00007ffc749b9000 	C:\WINDOWS\system32\NSI.dll
0x00007ffc72840000 - 0x00007ffc7288f000 	C:\WINDOWS\SYSTEM32\cfgmgr32.dll
0x00007ffc71170000 - 0x00007ffc71198000 	C:\WINDOWS\SYSTEM32\DEVOBJ.dll
0x00000000747e0000 - 0x00000000747ef000 	C:\Program Files\Java\jdk1.8.0_31\jre\bin\verify.dll
0x00000000747b0000 - 0x00000000747d8000 	C:\Program Files\Java\jdk1.8.0_31\jre\bin\java.dll
0x0000000074790000 - 0x00000000747a6000 	C:\Program Files\Java\jdk1.8.0_31\jre\bin\zip.dll
0x00007ffc686b0000 - 0x00007ffc6883a000 	C:\WINDOWS\SYSTEM32\dbghelp.dll

VM Arguments:
jvm_args: -Xmx1024M -Dfile.encoding=windows-1252 -Duser.country=BE -Duser.language=nl -Duser.variant 
java_command: com.android.dx.command.Main --dex --output C:\NMCT\Semester 4\MobileAppDevelopment\OefeningenOpnieuw\MediaMarktBelgium\app\build\intermediates\pre-dexed\debug\classes-64b8ed49e2b0e76f2f0390cc515e5d53f9e20c5c.jar C:\NMCT\Semester 4\MobileAppDevelopment\OefeningenOpnieuw\MediaMarktBelgium\app\build\intermediates\exploded-aar\com.google.android.gms\play-services-analytics\7.3.0\classes.jar
java_class_path (initial): C:\Users\Lucas\AppData\Local\Android\sdk\build-tools\22.0.1\lib\dx.jar
Launcher Type: SUN_STANDARD

Environment Variables:
JAVA_HOME=C:\Program Files\Java\jdk1.8.0_31
PATH=C:\ProgramData\Oracle\Java\javapath;c:\Program Files (x86)\Intel\iCLS Client\;c:\Program Files\Intel\iCLS Client\;C:\WINDOWS\system32;C:\WINDOWS;C:\WINDOWS\System32\Wbem;C:\WINDOWS\System32\WindowsPowerShell\v1.0\;c:\Program Files (x86)\Hewlett-Packard\HP ProtectTools Security Manager\Bin\;C:\Program Files (x86)\Intel\OpenCL SDK\3.0\bin\x86;C:\Program Files (x86)\Intel\OpenCL SDK\3.0\bin\x64;C:\Program Files\Intel\WiFi\bin\;C:\Program Files\Common Files\Intel\WirelessCommon\;C:\Program Files\Intel\Intel(R) Management Engine Components\DAL;C:\Program Files\Intel\Intel(R) Management Engine Components\IPT;C:\Program Files (x86)\Intel\Intel(R) Management Engine Components\DAL;C:\Program Files (x86)\Intel\Intel(R) Management Engine Components\IPT;C:\Program Files (x86)\Microsoft ASP.NET\ASP.NET Web Pages\v1.0\;C:\Program Files\Microsoft SQL Server\110\Tools\Binn\;C:\Program Files (x86)\ATI Technologies\ATI.ACE\Core-Static;C:\Program Files (x86)\Microsoft SQL Server\110\Tools\Binn\;C:\Program Files\Microsoft SQL Server\110\DTS\Binn\;C:\Program Files (x86)\Microsoft SQL Server\110\Tools\Binn\ManagementStudio\;C:\Program Files (x86)\Microsoft SQL Server\110\DTS\Binn\;C:\Program Files (x86)\QuickTime\QTSystem\;C:\Program Files (x86)\Windows Kits\8.1\Windows Performance Toolkit\;C:\Program Files (x86)\Microsoft SDKs\TypeScript\1.0\;C:\Program Files\Microsoft SQL Server\120\Tools\Binn\;C:\Program Files\OpenVPN\bin;C:\Program Files (x86)\processing-2.2.1;C:\Program Files\Microsoft\Web Platform Installer\
USERNAME=Lucas
OS=Windows_NT
PROCESSOR_IDENTIFIER=Intel64 Family 6 Model 58 Stepping 9, GenuineIntel



---------------  S Y S T E M  ---------------

OS: Windows 8.1 , 64 bit Build 9600 

CPU:total 4 (2 cores per cpu, 2 threads per core) family 6 model 58 stepping 9, cmov, cx8, fxsr, mmx, sse, sse2, sse3, ssse3, sse4.1, sse4.2, popcnt, avx, aes, clmul, erms, ht, tsc, tscinvbit, tscinv

Memory: 4k page, physical 8318456k(1010048k free), swap 11464184k(5136k free)

vm_info: Java HotSpot(TM) 64-Bit Server VM (25.31-b07) for windows-amd64 JRE (1.8.0_31-b13), built on Dec 17 2014 21:00:28 by "java_re" with MS VC++ 10.0 (VS2010)

time: Sun May 03 17:03:32 2015
elapsed time: 0 seconds (0d 0h 0m 0s)

