#
# There is insufficient memory for the Java Runtime Environment to continue.
# Native memory allocation (malloc) failed to allocate 656256 bytes for Chunk::new
# Possible reasons:
#   The system is out of physical RAM or swap space
#   In 32 bit mode, the process size limit was hit
# Possible solutions:
#   Reduce memory load on the system
#   Increase physical memory or swap space
#   Check if swap backing store is full
#   Use 64 bit Java on a 64 bit OS
#   Decrease Java heap size (-Xmx/-Xms)
#   Decrease number of Java threads
#   Decrease Java thread stack sizes (-Xss)
#   Set larger code cache with -XX:ReservedCodeCacheSize=
# This output file may be truncated or incomplete.
#
#  Out of Memory Error (allocation.cpp:390), pid=8024, tid=18300
#
# JRE version: Java(TM) SE Runtime Environment (8.0_31-b13) (build 1.8.0_31-b13)
# Java VM: Java HotSpot(TM) 64-Bit Server VM (25.31-b07 mixed mode windows-amd64 compressed oops)
# Failed to write core dump. Minidumps are not enabled by default on client versions of Windows
#

---------------  T H R E A D  ---------------

Current thread (0x000000001524e000):  JavaThread "C2 CompilerThread1" daemon [_thread_in_native, id=18300, stack(0x0000000016850000,0x0000000016950000)]

Stack: [0x0000000016850000,0x0000000016950000]
Native frames: (J=compiled Java code, j=interpreted, Vv=VM code, C=native code)
V  [jvm.dll+0x3169ba]


Current CompileTask:
C2:   7302 1189       4       com.android.dx.ssa.SCCP::simulateStmt (481 bytes)


---------------  P R O C E S S  ---------------

Java Threads: ( => current thread )
  0x000000001525b000 JavaThread "Service Thread" daemon [_thread_blocked, id=16924, stack(0x0000000016a50000,0x0000000016b50000)]
  0x0000000015254800 JavaThread "C1 CompilerThread2" daemon [_thread_blocked, id=7104, stack(0x0000000016950000,0x0000000016a50000)]
=>0x000000001524e000 JavaThread "C2 CompilerThread1" daemon [_thread_in_native, id=18300, stack(0x0000000016850000,0x0000000016950000)]
  0x00000000151fe000 JavaThread "C2 CompilerThread0" daemon [_thread_blocked, id=15260, stack(0x0000000016750000,0x0000000016850000)]
  0x00000000151fc800 JavaThread "Attach Listener" daemon [_thread_blocked, id=15772, stack(0x0000000016650000,0x0000000016750000)]
  0x00000000151fb800 JavaThread "Signal Dispatcher" daemon [_thread_blocked, id=17788, stack(0x0000000016550000,0x0000000016650000)]
  0x0000000002b25000 JavaThread "Finalizer" daemon [_thread_blocked, id=17056, stack(0x0000000016450000,0x0000000016550000)]
  0x0000000002b1c000 JavaThread "Reference Handler" daemon [_thread_blocked, id=17968, stack(0x0000000016350000,0x0000000016450000)]
  0x0000000002a2d800 JavaThread "main" [_thread_in_Java, id=7060, stack(0x00000000028f0000,0x00000000029f0000)]

Other Threads:
  0x00000000151c6000 VMThread [stack: 0x0000000016250000,0x0000000016350000] [id=16552]
  0x000000001525e000 WatcherThread [stack: 0x0000000016b50000,0x0000000016c50000] [id=12204]

VM state:not at safepoint (normal execution)

VM Mutex/Monitor currently owned by a thread: None

Heap:
 PSYoungGen      total 38400K, used 22901K [0x00000000eab00000, 0x00000000ed580000, 0x0000000100000000)
  eden space 33280K, 68% used [0x00000000eab00000,0x00000000ec15d750,0x00000000ecb80000)
  from space 5120K, 0% used [0x00000000ed080000,0x00000000ed080000,0x00000000ed580000)
  to   space 5120K, 0% used [0x00000000ecb80000,0x00000000ecb80000,0x00000000ed080000)
 ParOldGen       total 87552K, used 0K [0x00000000c0000000, 0x00000000c5580000, 0x00000000eab00000)
  object space 87552K, 0% used [0x00000000c0000000,0x00000000c0000000,0x00000000c5580000)
 Metaspace       used 5621K, capacity 6896K, committed 7040K, reserved 1056768K
  class space    used 546K, capacity 616K, committed 640K, reserved 1048576K

Card table byte_map: [0x0000000011ef0000,0x0000000012100000] byte_map_base: 0x00000000118f0000

Marking Bits: (ParMarkBitMap*) 0x0000000073fbd4f0
 Begin Bits: [0x0000000012660000, 0x0000000013660000)
 End Bits:   [0x0000000013660000, 0x0000000014660000)

Polling page: 0x0000000000ff0000

CodeCache: size=245760Kb used=4891Kb max_used=4903Kb free=240868Kb
 bounds [0x0000000002b30000, 0x0000000003000000, 0x0000000011b30000]
 total_blobs=1453 nmethods=1193 adapters=174
 compilation: enabled

Compilation events (10 events):
Event: 7.267 Thread 0x0000000015254800 1190       3       com.android.dx.rop.cst.CstMethodRef::<init> (7 bytes)
Event: 7.268 Thread 0x0000000015254800 nmethod 1190 0x0000000002ff6390 code [0x0000000002ff6520, 0x0000000002ff6938]
Event: 7.268 Thread 0x0000000015254800 1191       3       com.android.dx.rop.cst.CstType::<init> (46 bytes)
Event: 7.268 Thread 0x0000000015254800 nmethod 1191 0x0000000002ff5bd0 code [0x0000000002ff5d60, 0x0000000002ff61d8]
Event: 7.268 Thread 0x0000000015254800 1192       1       com.android.dx.dex.file.DexFile::getFieldIds (5 bytes)
Event: 7.269 Thread 0x0000000015254800 nmethod 1192 0x0000000002ff5910 code [0x0000000002ff5a60, 0x0000000002ff5b70]
Event: 7.272 Thread 0x0000000015254800 1193       3       com.android.dx.rop.type.Type::internClassName (56 bytes)
Event: 7.273 Thread 0x0000000015254800 nmethod 1193 0x0000000002ff8a10 code [0x0000000002ff8c60, 0x0000000002ff9b38]
Event: 7.280 Thread 0x00000000151fe000 1194       4       java.lang.StringBuilder::append (8 bytes)
Event: 7.285 Thread 0x00000000151fe000 nmethod 1194 0x0000000002ff5010 code [0x0000000002ff5160, 0x0000000002ff5518]

GC Heap History (0 events):
No events

Deoptimization events (2 events):
Event: 6.222 Thread 0x0000000002a2d800 Uncommon trap: reason=class_check action=maybe_recompile pc=0x0000000002e57cec method=com.android.dx.ssa.NormalSsaInsn.accept(Lcom/android/dx/ssa/SsaInsn$Visitor;)V @ 9
Event: 6.843 Thread 0x0000000002a2d800 Uncommon trap: reason=null_check action=make_not_entrant pc=0x0000000002f46320 method=com.android.dx.rop.type.Type.equals(Ljava/lang/Object;)Z @ 8

Internal exceptions (10 events):
Event: 3.916 Thread 0x0000000002a2d800 Exception <a 'java/security/PrivilegedActionException'> (0x00000000eb37cf10) thrown at [C:\workspace\8-2-build-windows-amd64-cygwin\jdk8u31\2394\hotspot\src\share\vm\prims\jvm.cpp, line 1312]
Event: 4.177 Thread 0x0000000002a2d800 Exception <a 'java/security/PrivilegedActionException'> (0x00000000eb383048) thrown at [C:\workspace\8-2-build-windows-amd64-cygwin\jdk8u31\2394\hotspot\src\share\vm\prims\jvm.cpp, line 1312]
Event: 4.179 Thread 0x0000000002a2d800 Exception <a 'java/security/PrivilegedActionException'> (0x00000000eb3887c0) thrown at [C:\workspace\8-2-build-windows-amd64-cygwin\jdk8u31\2394\hotspot\src\share\vm\prims\jvm.cpp, line 1312]
Event: 4.198 Thread 0x0000000002a2d800 Exception <a 'java/security/PrivilegedActionException'> (0x00000000eb3a0918) thrown at [C:\workspace\8-2-build-windows-amd64-cygwin\jdk8u31\2394\hotspot\src\share\vm\prims\jvm.cpp, line 1312]
Event: 4.198 Thread 0x0000000002a2d800 Exception <a 'java/security/PrivilegedActionException'> (0x00000000eb3a39a0) thrown at [C:\workspace\8-2-build-windows-amd64-cygwin\jdk8u31\2394\hotspot\src\share\vm\prims\jvm.cpp, line 1312]
Event: 4.246 Thread 0x0000000002a2d800 Exception <a 'java/security/PrivilegedActionException'> (0x00000000eb3d3c58) thrown at [C:\workspace\8-2-build-windows-amd64-cygwin\jdk8u31\2394\hotspot\src\share\vm\prims\jvm.cpp, line 1312]
Event: 4.257 Thread 0x0000000002a2d800 Exception <a 'java/security/PrivilegedActionException'> (0x00000000eb3e81b0) thrown at [C:\workspace\8-2-build-windows-amd64-cygwin\jdk8u31\2394\hotspot\src\share\vm\prims\jvm.cpp, line 1312]
Event: 4.480 Thread 0x0000000002a2d800 Exception <a 'java/security/PrivilegedActionException'> (0x00000000eb3f6ff0) thrown at [C:\workspace\8-2-build-windows-amd64-cygwin\jdk8u31\2394\hotspot\src\share\vm\prims\jvm.cpp, line 1312]
Event: 5.774 Thread 0x0000000002a2d800 Exception <a 'java/security/PrivilegedActionException'> (0x00000000eb79a920) thrown at [C:\workspace\8-2-build-windows-amd64-cygwin\jdk8u31\2394\hotspot\src\share\vm\prims\jvm.cpp, line 1312]
Event: 6.843 Thread 0x0000000002a2d800 Implicit null exception at 0x0000000002f46222 to 0x0000000002f46312

Events (10 events):
Event: 6.222 loading class java/util/TreeMap$EntryIterator
Event: 6.222 loading class java/util/TreeMap$EntryIterator done
Event: 6.222 Executing VM operation: Deoptimize
Event: 6.222 Executing VM operation: Deoptimize done
Event: 6.222 Thread 0x0000000002a2d800 Uncommon trap: trap_request=0xffffffde fr.pc=0x0000000002e57cec
Event: 6.222 Thread 0x0000000002a2d800 DEOPT PACKING pc=0x0000000002e57cec sp=0x00000000029ee770
Event: 6.222 Thread 0x0000000002a2d800 DEOPT UNPACKING pc=0x0000000002b7556a sp=0x00000000029ee6b0 mode 2
Event: 6.843 Thread 0x0000000002a2d800 Uncommon trap: trap_request=0xfffffff4 fr.pc=0x0000000002f46320
Event: 6.843 Thread 0x0000000002a2d800 DEOPT PACKING pc=0x0000000002f46320 sp=0x00000000029ee430
Event: 6.843 Thread 0x0000000002a2d800 DEOPT UNPACKING pc=0x0000000002b7556a sp=0x00000000029ee3b8 mode 2


Dynamic libraries:
0x00007ff76d9d0000 - 0x00007ff76da04000 	C:\Program Files\Java\jdk1.8.0_31\bin\java.exe
0x00007ffc75330000 - 0x00007ffc754dc000 	C:\WINDOWS\SYSTEM32\ntdll.dll
0x00007ffc744d0000 - 0x00007ffc7460e000 	C:\WINDOWS\system32\KERNEL32.DLL
0x00007ffc72890000 - 0x00007ffc729a5000 	C:\WINDOWS\system32\KERNELBASE.dll
0x00007ffc70f20000 - 0x00007ffc70fae000 	C:\WINDOWS\system32\apphelp.dll
0x00007ffc5c6f0000 - 0x00007ffc5c743000 	C:\WINDOWS\AppPatch\AppPatch64\AcGenral.DLL
0x00007ffc74e40000 - 0x00007ffc74eea000 	C:\WINDOWS\system32\msvcrt.dll
0x00007ffc722b0000 - 0x00007ffc722de000 	C:\WINDOWS\SYSTEM32\SspiCli.dll
0x00007ffc729b0000 - 0x00007ffc72a04000 	C:\WINDOWS\system32\SHLWAPI.dll
0x00007ffc74350000 - 0x00007ffc744c7000 	C:\WINDOWS\system32\USER32.dll
0x00007ffc75190000 - 0x00007ffc75324000 	C:\WINDOWS\system32\ole32.dll
0x00007ffc72dc0000 - 0x00007ffc742d8000 	C:\WINDOWS\system32\SHELL32.dll
0x00007ffc71a20000 - 0x00007ffc71a41000 	C:\WINDOWS\SYSTEM32\USERENV.dll
0x00007ffc72b60000 - 0x00007ffc72c0a000 	C:\WINDOWS\system32\ADVAPI32.dll
0x00007ffc5fb80000 - 0x00007ffc5fb9e000 	C:\WINDOWS\SYSTEM32\MPR.dll
0x00007ffc72a10000 - 0x00007ffc72b51000 	C:\WINDOWS\system32\RPCRT4.dll
0x00007ffc74d20000 - 0x00007ffc74d79000 	C:\WINDOWS\SYSTEM32\sechost.dll
0x00007ffc74b00000 - 0x00007ffc74d11000 	C:\WINDOWS\SYSTEM32\combase.dll
0x00007ffc74fc0000 - 0x00007ffc75111000 	C:\WINDOWS\system32\GDI32.dll
0x00007ffc72480000 - 0x00007ffc72495000 	C:\WINDOWS\SYSTEM32\profapi.dll
0x00007ffc708d0000 - 0x00007ffc70982000 	C:\WINDOWS\SYSTEM32\SHCORE.dll
0x00007ffc74ac0000 - 0x00007ffc74af6000 	C:\WINDOWS\system32\IMM32.DLL
0x00007ffc74670000 - 0x00007ffc747c2000 	C:\WINDOWS\system32\MSCTF.dll
0x00007ffc6fea0000 - 0x00007ffc7011b000 	C:\WINDOWS\WinSxS\amd64_microsoft.windows.common-controls_6595b64144ccf1df_6.0.9600.17415_none_6240486fecbd8abb\COMCTL32.dll
0x0000000073460000 - 0x0000000073532000 	C:\Program Files\Java\jdk1.8.0_31\jre\bin\msvcr100.dll
0x00000000737e0000 - 0x000000007403a000 	C:\Program Files\Java\jdk1.8.0_31\jre\bin\server\jvm.dll
0x00007ffc693c0000 - 0x00007ffc693c9000 	C:\WINDOWS\SYSTEM32\WSOCK32.dll
0x00007ffc6dfc0000 - 0x00007ffc6dfe2000 	C:\WINDOWS\SYSTEM32\WINMM.dll
0x00007ffc749f0000 - 0x00007ffc749f7000 	C:\WINDOWS\system32\PSAPI.DLL
0x00007ffc75120000 - 0x00007ffc7517a000 	C:\WINDOWS\system32\WS2_32.dll
0x00007ffc6e000000 - 0x00007ffc6e02a000 	C:\WINDOWS\SYSTEM32\WINMMBASE.dll
0x00007ffc749b0000 - 0x00007ffc749b9000 	C:\WINDOWS\system32\NSI.dll
0x00007ffc72840000 - 0x00007ffc7288f000 	C:\WINDOWS\SYSTEM32\cfgmgr32.dll
0x00007ffc71170000 - 0x00007ffc71198000 	C:\WINDOWS\SYSTEM32\DEVOBJ.dll
0x00000000747e0000 - 0x00000000747ef000 	C:\Program Files\Java\jdk1.8.0_31\jre\bin\verify.dll
0x00000000747b0000 - 0x00000000747d8000 	C:\Program Files\Java\jdk1.8.0_31\jre\bin\java.dll
0x0000000074790000 - 0x00000000747a6000 	C:\Program Files\Java\jdk1.8.0_31\jre\bin\zip.dll

VM Arguments:
jvm_args: -Xmx1024M -Dfile.encoding=windows-1252 -Duser.country=BE -Duser.language=nl -Duser.variant 
java_command: com.android.dx.command.Main --dex --output C:\NMCT\Semester 4\MobileAppDevelopment\OefeningenOpnieuw\MediaMarktBelgium\app\build\intermediates\pre-dexed\debug\classes-64b8ed49e2b0e76f2f0390cc515e5d53f9e20c5c.jar C:\NMCT\Semester 4\MobileAppDevelopment\OefeningenOpnieuw\MediaMarktBelgium\app\build\intermediates\exploded-aar\com.google.android.gms\play-services-analytics\7.3.0\classes.jar
java_class_path (initial): C:\Users\Lucas\AppData\Local\Android\sdk\build-tools\22.0.1\lib\dx.jar
Launcher Type: SUN_STANDARD

Environment Variables:
JAVA_HOME=C:\Program Files\Java\jdk1.8.0_31
PATH=C:\ProgramData\Oracle\Java\javapath;c:\Program Files (x86)\Intel\iCLS Client\;c:\Program Files\Intel\iCLS Client\;C:\WINDOWS\system32;C:\WINDOWS;C:\WINDOWS\System32\Wbem;C:\WINDOWS\System32\WindowsPowerShell\v1.0\;c:\Program Files (x86)\Hewlett-Packard\HP ProtectTools Security Manager\Bin\;C:\Program Files (x86)\Intel\OpenCL SDK\3.0\bin\x86;C:\Program Files (x86)\Intel\OpenCL SDK\3.0\bin\x64;C:\Program Files\Intel\WiFi\bin\;C:\Program Files\Common Files\Intel\WirelessCommon\;C:\Program Files\Intel\Intel(R) Management Engine Components\DAL;C:\Program Files\Intel\Intel(R) Management Engine Components\IPT;C:\Program Files (x86)\Intel\Intel(R) Management Engine Components\DAL;C:\Program Files (x86)\Intel\Intel(R) Management Engine Components\IPT;C:\Program Files (x86)\Microsoft ASP.NET\ASP.NET Web Pages\v1.0\;C:\Program Files\Microsoft SQL Server\110\Tools\Binn\;C:\Program Files (x86)\ATI Technologies\ATI.ACE\Core-Static;C:\Program Files (x86)\Microsoft SQL Server\110\Tools\Binn\;C:\Program Files\Microsoft SQL Server\110\DTS\Binn\;C:\Program Files (x86)\Microsoft SQL Server\110\Tools\Binn\ManagementStudio\;C:\Program Files (x86)\Microsoft SQL Server\110\DTS\Binn\;C:\Program Files (x86)\QuickTime\QTSystem\;C:\Program Files (x86)\Windows Kits\8.1\Windows Performance Toolkit\;C:\Program Files (x86)\Microsoft SDKs\TypeScript\1.0\;C:\Program Files\Microsoft SQL Server\120\Tools\Binn\;C:\Program Files\OpenVPN\bin;C:\Program Files (x86)\processing-2.2.1;C:\Program Files\Microsoft\Web Platform Installer\
USERNAME=Lucas
OS=Windows_NT
PROCESSOR_IDENTIFIER=Intel64 Family 6 Model 58 Stepping 9, GenuineIntel



---------------  S Y S T E M  ---------------

OS: Windows 8.1 , 64 bit Build 9600 

CPU:total 4 (2 cores per cpu, 2 threads per core) family 6 model 58 stepping 9, cmov, cx8, fxsr, mmx, sse, sse2, sse3, ssse3, sse4.1, sse4.2, popcnt, avx, aes, clmul, erms, ht, tsc, tscinvbit, tscinv

Memory: 4k page, physical 8318456k(1112880k free), swap 11464184k(5200k free)

vm_info: Java HotSpot(TM) 64-Bit Server VM (25.31-b07) for windows-amd64 JRE (1.8.0_31-b13), built on Dec 17 2014 21:00:28 by "java_re" with MS VC++ 10.0 (VS2010)

time: Sun May 03 20:33:18 2015
elapsed time: 7 seconds (0d 0h 0m 7s)

