#
# There is insufficient memory for the Java Runtime Environment to continue.
# Native memory allocation (malloc) failed to allocate 1605536 bytes for Chunk::new
# Possible reasons:
#   The system is out of physical RAM or swap space
#   In 32 bit mode, the process size limit was hit
# Possible solutions:
#   Reduce memory load on the system
#   Increase physical memory or swap space
#   Check if swap backing store is full
#   Use 64 bit Java on a 64 bit OS
#   Decrease Java heap size (-Xmx/-Xms)
#   Decrease number of Java threads
#   Decrease Java thread stack sizes (-Xss)
#   Set larger code cache with -XX:ReservedCodeCacheSize=
# This output file may be truncated or incomplete.
#
#  Out of Memory Error (allocation.cpp:390), pid=16552, tid=16936
#
# JRE version: Java(TM) SE Runtime Environment (8.0_31-b13) (build 1.8.0_31-b13)
# Java VM: Java HotSpot(TM) 64-Bit Server VM (25.31-b07 mixed mode windows-amd64 compressed oops)
# Failed to write core dump. Minidumps are not enabled by default on client versions of Windows
#

---------------  T H R E A D  ---------------

Current thread (0x00000000152c0000):  JavaThread "C2 CompilerThread0" daemon [_thread_in_native, id=16936, stack(0x0000000016820000,0x0000000016920000)]

Stack: [0x0000000016820000,0x0000000016920000]
Native frames: (J=compiled Java code, j=interpreted, Vv=VM code, C=native code)
V  [jvm.dll+0x3169ba]
V  [jvm.dll+0x2674c3]
V  [jvm.dll+0x268103]
V  [jvm.dll+0x25f8f5]
V  [jvm.dll+0xbf025]
V  [jvm.dll+0xbf4cc]
V  [jvm.dll+0x45df82]
V  [jvm.dll+0x49f21f]
V  [jvm.dll+0x453401]
V  [jvm.dll+0x454124]
V  [jvm.dll+0x437c62]
V  [jvm.dll+0x988e2]
V  [jvm.dll+0x990d3]
V  [jvm.dll+0x22c194]
V  [jvm.dll+0x28576a]
C  [msvcr100.dll+0x21d9f]
C  [msvcr100.dll+0x21e3b]
C  [KERNEL32.DLL+0x13d2]
C  [ntdll.dll+0x15444]


Current CompileTask:
C2:   4800 2387       4       com.android.dx.merge.DexMerger::transformCode (252 bytes)


---------------  P R O C E S S  ---------------

Java Threads: ( => current thread )
  0x000000001531e000 JavaThread "Service Thread" daemon [_thread_blocked, id=16636, stack(0x0000000016f20000,0x0000000017020000)]
  0x00000000152c9000 JavaThread "C1 CompilerThread2" daemon [_thread_blocked, id=14140, stack(0x0000000016a20000,0x0000000016b20000)]
  0x00000000152c2000 JavaThread "C2 CompilerThread1" daemon [_thread_in_native, id=15496, stack(0x0000000016920000,0x0000000016a20000)]
=>0x00000000152c0000 JavaThread "C2 CompilerThread0" daemon [_thread_in_native, id=16936, stack(0x0000000016820000,0x0000000016920000)]
  0x00000000152be800 JavaThread "Attach Listener" daemon [_thread_blocked, id=14296, stack(0x0000000016720000,0x0000000016820000)]
  0x00000000152bd800 JavaThread "Signal Dispatcher" daemon [_thread_blocked, id=16468, stack(0x0000000016620000,0x0000000016720000)]
  0x0000000002be7800 JavaThread "Finalizer" daemon [_thread_blocked, id=17040, stack(0x0000000016520000,0x0000000016620000)]
  0x0000000002bdf800 JavaThread "Reference Handler" daemon [_thread_blocked, id=17300, stack(0x0000000016420000,0x0000000016520000)]
  0x0000000002af3800 JavaThread "main" [_thread_in_native, id=16904, stack(0x00000000029f0000,0x0000000002af0000)]

Other Threads:
  0x0000000015285000 VMThread [stack: 0x0000000016320000,0x0000000016420000] [id=16512]
  0x0000000016b54000 WatcherThread [stack: 0x0000000017020000,0x0000000017120000] [id=17020]

VM state:not at safepoint (normal execution)

VM Mutex/Monitor currently owned by a thread: None

Heap:
 PSYoungGen      total 38400K, used 38249K [0x00000000eab00000, 0x00000000ed580000, 0x0000000100000000)
  eden space 33280K, 99% used [0x00000000eab00000,0x00000000ecb5d200,0x00000000ecb80000)
  from space 5120K, 99% used [0x00000000ecb80000,0x00000000ed07d5f8,0x00000000ed080000)
  to   space 5120K, 0% used [0x00000000ed080000,0x00000000ed080000,0x00000000ed580000)
 ParOldGen       total 87552K, used 20728K [0x00000000c0000000, 0x00000000c5580000, 0x00000000eab00000)
  object space 87552K, 23% used [0x00000000c0000000,0x00000000c143e2f8,0x00000000c5580000)
 Metaspace       used 7686K, capacity 8072K, committed 8320K, reserved 1056768K
  class space    used 756K, capacity 819K, committed 896K, reserved 1048576K

Card table byte_map: [0x0000000011fb0000,0x00000000121c0000] byte_map_base: 0x00000000119b0000

Marking Bits: (ParMarkBitMap*) 0x0000000073fbd4f0
 Begin Bits: [0x0000000012720000, 0x0000000013720000)
 End Bits:   [0x0000000013720000, 0x0000000014720000)

Polling page: 0x0000000001150000

CodeCache: size=245760Kb used=8137Kb max_used=8137Kb free=237623Kb
 bounds [0x0000000002bf0000, 0x00000000033f0000, 0x0000000011bf0000]
 total_blobs=2703 nmethods=2416 adapters=201
 compilation: enabled

Compilation events (10 events):
Event: 4.683 Thread 0x00000000152c9000 2438  s    2       java.io.BufferedOutputStream::flush (12 bytes)
Event: 4.683 Thread 0x00000000152c9000 nmethod 2438 0x00000000033e8510 code [0x00000000033e8680, 0x00000000033e89b8]
Event: 4.683 Thread 0x00000000152c9000 2439       2       java.io.BufferedOutputStream::flushBuffer (29 bytes)
Event: 4.684 Thread 0x00000000152c9000 nmethod 2439 0x00000000033e8ad0 code [0x00000000033e8c40, 0x00000000033e8de8]
Event: 4.708 Thread 0x00000000152c9000 2441 %     3       com.android.dx.merge.DexMerger::getSortedTypes @ 51 (139 bytes)
Event: 4.710 Thread 0x00000000152c9000 nmethod 2441% 0x00000000033e8e90 code [0x00000000033e9100, 0x00000000033ea048]
Event: 4.743 Thread 0x00000000152c9000 2442       2       com.android.dx.io.instructions.InstructionCodec$12::decode (56 bytes)
Event: 4.743 Thread 0x00000000152c9000 nmethod 2442 0x00000000033ea7d0 code [0x00000000033ea960, 0x00000000033eacd8]
Event: 4.744 Thread 0x00000000152c9000 2443       2       com.android.dx.io.instructions.InstructionCodec$12::encode (48 bytes)
Event: 4.744 Thread 0x00000000152c9000 nmethod 2443 0x00000000033eafd0 code [0x00000000033eb140, 0x00000000033eb3b8]

GC Heap History (10 events):
Event: 2.614 GC heap before
{Heap before GC invocations=1 (full 0):
 PSYoungGen      total 38400K, used 33263K [0x00000000eab00000, 0x00000000ed580000, 0x0000000100000000)
  eden space 33280K, 99% used [0x00000000eab00000,0x00000000ecb7bd18,0x00000000ecb80000)
  from space 5120K, 0% used [0x00000000ed080000,0x00000000ed080000,0x00000000ed580000)
  to   space 5120K, 0% used [0x00000000ecb80000,0x00000000ecb80000,0x00000000ed080000)
 ParOldGen       total 87552K, used 0K [0x00000000c0000000, 0x00000000c5580000, 0x00000000eab00000)
  object space 87552K, 0% used [0x00000000c0000000,0x00000000c0000000,0x00000000c5580000)
 Metaspace       used 5620K, capacity 6960K, committed 7040K, reserved 1056768K
  class space    used 549K, capacity 616K, committed 640K, reserved 1048576K
Event: 2.633 GC heap after
Heap after GC invocations=1 (full 0):
 PSYoungGen      total 38400K, used 5105K [0x00000000eab00000, 0x00000000ed580000, 0x0000000100000000)
  eden space 33280K, 0% used [0x00000000eab00000,0x00000000eab00000,0x00000000ecb80000)
  from space 5120K, 99% used [0x00000000ecb80000,0x00000000ed07c4f0,0x00000000ed080000)
  to   space 5120K, 0% used [0x00000000ed080000,0x00000000ed080000,0x00000000ed580000)
 ParOldGen       total 87552K, used 3113K [0x00000000c0000000, 0x00000000c5580000, 0x00000000eab00000)
  object space 87552K, 3% used [0x00000000c0000000,0x00000000c030a4e0,0x00000000c5580000)
 Metaspace       used 5620K, capacity 6960K, committed 7040K, reserved 1056768K
  class space    used 549K, capacity 616K, committed 640K, reserved 1048576K
}
Event: 3.750 GC heap before
{Heap before GC invocations=2 (full 0):
 PSYoungGen      total 38400K, used 38385K [0x00000000eab00000, 0x00000000ed580000, 0x0000000100000000)
  eden space 33280K, 100% used [0x00000000eab00000,0x00000000ecb80000,0x00000000ecb80000)
  from space 5120K, 99% used [0x00000000ecb80000,0x00000000ed07c4f0,0x00000000ed080000)
  to   space 5120K, 0% used [0x00000000ed080000,0x00000000ed080000,0x00000000ed580000)
 ParOldGen       total 87552K, used 3113K [0x00000000c0000000, 0x00000000c5580000, 0x00000000eab00000)
  object space 87552K, 3% used [0x00000000c0000000,0x00000000c030a4e0,0x00000000c5580000)
 Metaspace       used 7534K, capacity 7970K, committed 8320K, reserved 1056768K
  class space    used 746K, capacity 786K, committed 896K, reserved 1048576K
Event: 3.765 GC heap after
Heap after GC invocations=2 (full 0):
 PSYoungGen      total 38400K, used 5114K [0x00000000eab00000, 0x00000000ed580000, 0x0000000100000000)
  eden space 33280K, 0% used [0x00000000eab00000,0x00000000eab00000,0x00000000ecb80000)
  from space 5120K, 99% used [0x00000000ed080000,0x00000000ed57e8d8,0x00000000ed580000)
  to   space 5120K, 0% used [0x00000000ecb80000,0x00000000ecb80000,0x00000000ed080000)
 ParOldGen       total 87552K, used 10717K [0x00000000c0000000, 0x00000000c5580000, 0x00000000eab00000)
  object space 87552K, 12% used [0x00000000c0000000,0x00000000c0a77788,0x00000000c5580000)
 Metaspace       used 7534K, capacity 7970K, committed 8320K, reserved 1056768K
  class space    used 746K, capacity 786K, committed 896K, reserved 1048576K
}
Event: 4.086 GC heap before
{Heap before GC invocations=3 (full 0):
 PSYoungGen      total 38400K, used 38394K [0x00000000eab00000, 0x00000000ed580000, 0x0000000100000000)
  eden space 33280K, 100% used [0x00000000eab00000,0x00000000ecb80000,0x00000000ecb80000)
  from space 5120K, 99% used [0x00000000ed080000,0x00000000ed57e8d8,0x00000000ed580000)
  to   space 5120K, 0% used [0x00000000ecb80000,0x00000000ecb80000,0x00000000ed080000)
 ParOldGen       total 87552K, used 10717K [0x00000000c0000000, 0x00000000c5580000, 0x00000000eab00000)
  object space 87552K, 12% used [0x00000000c0000000,0x00000000c0a77788,0x00000000c5580000)
 Metaspace       used 7582K, capacity 8034K, committed 8320K, reserved 1056768K
  class space    used 746K, capacity 786K, committed 896K, reserved 1048576K
Event: 4.100 GC heap after
Heap after GC invocations=3 (full 0):
 PSYoungGen      total 38400K, used 5109K [0x00000000eab00000, 0x00000000ed580000, 0x0000000100000000)
  eden space 33280K, 0% used [0x00000000eab00000,0x00000000eab00000,0x00000000ecb80000)
  from space 5120K, 99% used [0x00000000ecb80000,0x00000000ed07d618,0x00000000ed080000)
  to   space 5120K, 0% used [0x00000000ed080000,0x00000000ed080000,0x00000000ed580000)
 ParOldGen       total 87552K, used 13017K [0x00000000c0000000, 0x00000000c5580000, 0x00000000eab00000)
  object space 87552K, 14% used [0x00000000c0000000,0x00000000c0cb64c8,0x00000000c5580000)
 Metaspace       used 7582K, capacity 8034K, committed 8320K, reserved 1056768K
  class space    used 746K, capacity 786K, committed 896K, reserved 1048576K
}
Event: 4.361 GC heap before
{Heap before GC invocations=4 (full 0):
 PSYoungGen      total 38400K, used 38389K [0x00000000eab00000, 0x00000000ed580000, 0x0000000100000000)
  eden space 33280K, 100% used [0x00000000eab00000,0x00000000ecb80000,0x00000000ecb80000)
  from space 5120K, 99% used [0x00000000ecb80000,0x00000000ed07d618,0x00000000ed080000)
  to   space 5120K, 0% used [0x00000000ed080000,0x00000000ed080000,0x00000000ed580000)
 ParOldGen       total 87552K, used 13017K [0x00000000c0000000, 0x00000000c5580000, 0x00000000eab00000)
  object space 87552K, 14% used [0x00000000c0000000,0x00000000c0cb64c8,0x00000000c5580000)
 Metaspace       used 7591K, capacity 8034K, committed 8320K, reserved 1056768K
  class space    used 746K, capacity 786K, committed 896K, reserved 1048576K
Event: 4.380 GC heap after
Heap after GC invocations=4 (full 0):
 PSYoungGen      total 38400K, used 5109K [0x00000000eab00000, 0x00000000ed580000, 0x0000000100000000)
  eden space 33280K, 0% used [0x00000000eab00000,0x00000000eab00000,0x00000000ecb80000)
  from space 5120K, 99% used [0x00000000ed080000,0x00000000ed57d618,0x00000000ed580000)
  to   space 5120K, 0% used [0x00000000ecb80000,0x00000000ecb80000,0x00000000ed080000)
 ParOldGen       total 87552K, used 17582K [0x00000000c0000000, 0x00000000c5580000, 0x00000000eab00000)
  object space 87552K, 20% used [0x00000000c0000000,0x00000000c112b958,0x00000000c5580000)
 Metaspace       used 7591K, capacity 8034K, committed 8320K, reserved 1056768K
  class space    used 746K, capacity 786K, committed 896K, reserved 1048576K
}
Event: 4.602 GC heap before
{Heap before GC invocations=5 (full 0):
 PSYoungGen      total 38400K, used 38389K [0x00000000eab00000, 0x00000000ed580000, 0x0000000100000000)
  eden space 33280K, 100% used [0x00000000eab00000,0x00000000ecb80000,0x00000000ecb80000)
  from space 5120K, 99% used [0x00000000ed080000,0x00000000ed57d618,0x00000000ed580000)
  to   space 5120K, 0% used [0x00000000ecb80000,0x00000000ecb80000,0x00000000ed080000)
 ParOldGen       total 87552K, used 17582K [0x00000000c0000000, 0x00000000c5580000, 0x00000000eab00000)
  object space 87552K, 20% used [0x00000000c0000000,0x00000000c112b958,0x00000000c5580000)
 Metaspace       used 7678K, capacity 8072K, committed 8320K, reserved 1056768K
  class space    used 756K, capacity 819K, committed 896K, reserved 1048576K
Event: 4.622 GC heap after
Heap after GC invocations=5 (full 0):
 PSYoungGen      total 38400K, used 5109K [0x00000000eab00000, 0x00000000ed580000, 0x0000000100000000)
  eden space 33280K, 0% used [0x00000000eab00000,0x00000000eab00000,0x00000000ecb80000)
  from space 5120K, 99% used [0x00000000ecb80000,0x00000000ed07d5f8,0x00000000ed080000)
  to   space 5120K, 0% used [0x00000000ed080000,0x00000000ed080000,0x00000000ed580000)
 ParOldGen       total 87552K, used 20728K [0x00000000c0000000, 0x00000000c5580000, 0x00000000eab00000)
  object space 87552K, 23% used [0x00000000c0000000,0x00000000c143e2f8,0x00000000c5580000)
 Metaspace       used 7678K, capacity 8072K, committed 8320K, reserved 1056768K
  class space    used 756K, capacity 819K, committed 896K, reserved 1048576K
}

Deoptimization events (10 events):
Event: 3.183 Thread 0x0000000002af3800 Uncommon trap: reason=class_check action=maybe_recompile pc=0x00000000031ecb7c method=com.android.dex.Leb128.writeUnsignedLeb128(Lcom/android/dex/util/ByteOutput;I)V @ 40
Event: 3.261 Thread 0x0000000002af3800 Uncommon trap: reason=unreached action=reinterpret pc=0x0000000003223dd8 method=java.util.HashMap.putVal(ILjava/lang/Object;Ljava/lang/Object;ZZ)Ljava/lang/Object; @ 109
Event: 3.262 Thread 0x0000000002af3800 Uncommon trap: reason=unreached action=reinterpret pc=0x0000000003222e04 method=java.util.HashMap.putVal(ILjava/lang/Object;Ljava/lang/Object;ZZ)Ljava/lang/Object; @ 109
Event: 3.278 Thread 0x0000000002af3800 Uncommon trap: reason=predicate action=maybe_recompile pc=0x00000000032456d8 method=com.android.dex.Leb128.writeUnsignedLeb128(Lcom/android/dex/util/ByteOutput;I)V @ 9
Event: 3.408 Thread 0x0000000002af3800 Uncommon trap: reason=class_check action=maybe_recompile pc=0x000000000302d998 method=java.util.ArrayList.<init>(Ljava/util/Collection;)V @ 6
Event: 3.411 Thread 0x0000000002af3800 Uncommon trap: reason=unreached action=reinterpret pc=0x000000000327aad0 method=sun.misc.URLClassPath$JarLoader.getResource(Ljava/lang/String;Z)Lsun/misc/Resource; @ 47
Event: 3.419 Thread 0x0000000002af3800 Uncommon trap: reason=class_check action=maybe_recompile pc=0x000000000302d998 method=java.util.ArrayList.<init>(Ljava/util/Collection;)V @ 6
Event: 3.453 Thread 0x0000000002af3800 Uncommon trap: reason=predicate action=maybe_recompile pc=0x00000000032a8180 method=com.android.dex.Leb128.readUnsignedLeb128(Lcom/android/dex/util/ByteInput;)I @ 41
Event: 3.654 Thread 0x0000000002af3800 Uncommon trap: reason=unreached action=reinterpret pc=0x0000000003167094 method=java.util.HashMap.getNode(ILjava/lang/Object;)Ljava/util/HashMap$Node; @ 84
Event: 3.656 Thread 0x0000000002af3800 Uncommon trap: reason=unreached action=reinterpret pc=0x000000000316b4b0 method=java.util.HashMap.getNode(ILjava/lang/Object;)Ljava/util/HashMap$Node; @ 84

Internal exceptions (10 events):
Event: 3.335 Thread 0x0000000002af3800 Exception <a 'java/security/PrivilegedActionException'> (0x00000000ebdf4fd8) thrown at [C:\workspace\8-2-build-windows-amd64-cygwin\jdk8u31\2394\hotspot\src\share\vm\prims\jvm.cpp, line 1312]
Event: 3.339 Thread 0x0000000002af3800 Exception <a 'java/security/PrivilegedActionException'> (0x00000000ebe3c460) thrown at [C:\workspace\8-2-build-windows-amd64-cygwin\jdk8u31\2394\hotspot\src\share\vm\prims\jvm.cpp, line 1312]
Event: 3.340 Thread 0x0000000002af3800 Exception <a 'java/security/PrivilegedActionException'> (0x00000000ebe3eb88) thrown at [C:\workspace\8-2-build-windows-amd64-cygwin\jdk8u31\2394\hotspot\src\share\vm\prims\jvm.cpp, line 1312]
Event: 3.404 Thread 0x0000000002af3800 Exception <a 'java/security/PrivilegedActionException'> (0x00000000ebedae28) thrown at [C:\workspace\8-2-build-windows-amd64-cygwin\jdk8u31\2394\hotspot\src\share\vm\prims\jvm.cpp, line 1312]
Event: 3.404 Thread 0x0000000002af3800 Exception <a 'java/security/PrivilegedActionException'> (0x00000000ebedb170) thrown at [C:\workspace\8-2-build-windows-amd64-cygwin\jdk8u31\2394\hotspot\src\share\vm\prims\jvm.cpp, line 1312]
Event: 3.406 Thread 0x0000000002af3800 Exception <a 'java/security/PrivilegedActionException'> (0x00000000ebedf2c0) thrown at [C:\workspace\8-2-build-windows-amd64-cygwin\jdk8u31\2394\hotspot\src\share\vm\prims\jvm.cpp, line 1312]
Event: 3.406 Thread 0x0000000002af3800 Exception <a 'java/security/PrivilegedActionException'> (0x00000000ebedf608) thrown at [C:\workspace\8-2-build-windows-amd64-cygwin\jdk8u31\2394\hotspot\src\share\vm\prims\jvm.cpp, line 1312]
Event: 3.420 Thread 0x0000000002af3800 Exception <a 'java/security/PrivilegedActionException'> (0x00000000ebefbc78) thrown at [C:\workspace\8-2-build-windows-amd64-cygwin\jdk8u31\2394\hotspot\src\share\vm\prims\jvm.cpp, line 1312]
Event: 3.420 Thread 0x0000000002af3800 Exception <a 'java/security/PrivilegedActionException'> (0x00000000ebefc558) thrown at [C:\workspace\8-2-build-windows-amd64-cygwin\jdk8u31\2394\hotspot\src\share\vm\prims\jvm.cpp, line 1312]
Event: 4.024 Thread 0x0000000002af3800 Exception <a 'java/security/PrivilegedActionException'> (0x00000000ec2f0b90) thrown at [C:\workspace\8-2-build-windows-amd64-cygwin\jdk8u31\2394\hotspot\src\share\vm\prims\jvm.cpp, line 1312]

Events (10 events):
Event: 4.538 Thread 0x0000000002af3800 DEOPT PACKING pc=0x000000000334ca5b sp=0x0000000002aeee40
Event: 4.538 Thread 0x0000000002af3800 DEOPT UNPACKING pc=0x0000000002c375bf sp=0x0000000002aeebb8 mode 0
Event: 4.602 Executing VM operation: ParallelGCFailedAllocation
Event: 4.622 Executing VM operation: ParallelGCFailedAllocation done
Event: 4.670 Thread 0x0000000002af3800 DEOPT PACKING pc=0x000000000334ca5b sp=0x0000000002aeee40
Event: 4.670 Thread 0x0000000002af3800 DEOPT UNPACKING pc=0x0000000002c375bf sp=0x0000000002aeebb8 mode 0
Event: 4.675 Thread 0x0000000002af3800 DEOPT PACKING pc=0x000000000334ca5b sp=0x0000000002aeee40
Event: 4.675 Thread 0x0000000002af3800 DEOPT UNPACKING pc=0x0000000002c375bf sp=0x0000000002aeebb8 mode 0
Event: 4.679 Thread 0x0000000002af3800 DEOPT PACKING pc=0x000000000334ca5b sp=0x0000000002aeee40
Event: 4.679 Thread 0x0000000002af3800 DEOPT UNPACKING pc=0x0000000002c375bf sp=0x0000000002aeebb8 mode 0


Dynamic libraries:
0x00007ff76d9d0000 - 0x00007ff76da04000 	C:\Program Files\Java\jdk1.8.0_31\bin\java.exe
0x00007ffc75330000 - 0x00007ffc754dc000 	C:\WINDOWS\SYSTEM32\ntdll.dll
0x00007ffc744d0000 - 0x00007ffc7460e000 	C:\WINDOWS\system32\KERNEL32.DLL
0x00007ffc72890000 - 0x00007ffc729a5000 	C:\WINDOWS\system32\KERNELBASE.dll
0x00007ffc70f20000 - 0x00007ffc70fae000 	C:\WINDOWS\system32\apphelp.dll
0x00007ffc5c6f0000 - 0x00007ffc5c743000 	C:\WINDOWS\AppPatch\AppPatch64\AcGenral.DLL
0x00007ffc74e40000 - 0x00007ffc74eea000 	C:\WINDOWS\system32\msvcrt.dll
0x00007ffc722b0000 - 0x00007ffc722de000 	C:\WINDOWS\SYSTEM32\SspiCli.dll
0x00007ffc729b0000 - 0x00007ffc72a04000 	C:\WINDOWS\system32\SHLWAPI.dll
0x00007ffc74350000 - 0x00007ffc744c7000 	C:\WINDOWS\system32\USER32.dll
0x00007ffc75190000 - 0x00007ffc75324000 	C:\WINDOWS\system32\ole32.dll
0x00007ffc72dc0000 - 0x00007ffc742d8000 	C:\WINDOWS\system32\SHELL32.dll
0x00007ffc71a20000 - 0x00007ffc71a41000 	C:\WINDOWS\SYSTEM32\USERENV.dll
0x00007ffc72b60000 - 0x00007ffc72c0a000 	C:\WINDOWS\system32\ADVAPI32.dll
0x00007ffc5fb80000 - 0x00007ffc5fb9e000 	C:\WINDOWS\SYSTEM32\MPR.dll
0x00007ffc72a10000 - 0x00007ffc72b51000 	C:\WINDOWS\system32\RPCRT4.dll
0x00007ffc74d20000 - 0x00007ffc74d79000 	C:\WINDOWS\SYSTEM32\sechost.dll
0x00007ffc74b00000 - 0x00007ffc74d11000 	C:\WINDOWS\SYSTEM32\combase.dll
0x00007ffc74fc0000 - 0x00007ffc75111000 	C:\WINDOWS\system32\GDI32.dll
0x00007ffc72480000 - 0x00007ffc72495000 	C:\WINDOWS\SYSTEM32\profapi.dll
0x00007ffc708d0000 - 0x00007ffc70982000 	C:\WINDOWS\SYSTEM32\SHCORE.dll
0x00007ffc74ac0000 - 0x00007ffc74af6000 	C:\WINDOWS\system32\IMM32.DLL
0x00007ffc74670000 - 0x00007ffc747c2000 	C:\WINDOWS\system32\MSCTF.dll
0x00007ffc6fea0000 - 0x00007ffc7011b000 	C:\WINDOWS\WinSxS\amd64_microsoft.windows.common-controls_6595b64144ccf1df_6.0.9600.17415_none_6240486fecbd8abb\COMCTL32.dll
0x0000000073460000 - 0x0000000073532000 	C:\Program Files\Java\jdk1.8.0_31\jre\bin\msvcr100.dll
0x00000000737e0000 - 0x000000007403a000 	C:\Program Files\Java\jdk1.8.0_31\jre\bin\server\jvm.dll
0x00007ffc693c0000 - 0x00007ffc693c9000 	C:\WINDOWS\SYSTEM32\WSOCK32.dll
0x00007ffc6dfc0000 - 0x00007ffc6dfe2000 	C:\WINDOWS\SYSTEM32\WINMM.dll
0x00007ffc749f0000 - 0x00007ffc749f7000 	C:\WINDOWS\system32\PSAPI.DLL
0x00007ffc75120000 - 0x00007ffc7517a000 	C:\WINDOWS\system32\WS2_32.dll
0x00007ffc6e000000 - 0x00007ffc6e02a000 	C:\WINDOWS\SYSTEM32\WINMMBASE.dll
0x00007ffc749b0000 - 0x00007ffc749b9000 	C:\WINDOWS\system32\NSI.dll
0x00007ffc72840000 - 0x00007ffc7288f000 	C:\WINDOWS\SYSTEM32\cfgmgr32.dll
0x00007ffc71170000 - 0x00007ffc71198000 	C:\WINDOWS\SYSTEM32\DEVOBJ.dll
0x00000000747e0000 - 0x00000000747ef000 	C:\Program Files\Java\jdk1.8.0_31\jre\bin\verify.dll
0x00000000747b0000 - 0x00000000747d8000 	C:\Program Files\Java\jdk1.8.0_31\jre\bin\java.dll
0x0000000074790000 - 0x00000000747a6000 	C:\Program Files\Java\jdk1.8.0_31\jre\bin\zip.dll
0x00007ffc686b0000 - 0x00007ffc6883a000 	C:\WINDOWS\SYSTEM32\dbghelp.dll

VM Arguments:
jvm_args: -Xmx1024M -Dfile.encoding=windows-1252 -Duser.country=BE -Duser.language=nl -Duser.variant 
java_command: com.android.dx.command.Main --dex --output C:\NMCT\Semester 4\MobileAppDevelopment\OefeningenOpnieuw\MediaMarktBelgium\app\build\intermediates\dex\debug C:\NMCT\Semester 4\MobileAppDevelopment\OefeningenOpnieuw\MediaMarktBelgium\app\build\intermediates\classes\debug C:\NMCT\Semester 4\MobileAppDevelopment\OefeningenOpnieuw\MediaMarktBelgium\app\build\intermediates\pre-dexed\debug\classes-fb6a13bc867ee5184fa75fff374799323bc579de.jar C:\NMCT\Semester 4\MobileAppDevelopment\OefeningenOpnieuw\MediaMarktBelgium\app\build\intermediates\pre-dexed\debug\support-annotations-22.0.0-bdc69aaef7c70fa4a50dcf7a65e829cedb4f6659.jar C:\NMCT\Semester 4\MobileAppDevelopment\OefeningenOpnieuw\MediaMarktBelgium\app\build\intermediates\pre-dexed\debug\classes-37446902255f23299ded454b71c655824dc673cc.jar C:\NMCT\Semester 4\MobileAppDevelopment\OefeningenOpnieuw\MediaMarktBelgium\app\build\intermediates\pre-dexed\debug\classes-4f82a042d6837aec6e9062eae88aa5c480e4f179.jar C:\NMCT\Semester 4\MobileAppDevelopment\OefeningenOpnieuw\MediaMarktBelgium\app\build\intermediates\pre-dexed\debug\classes-1d25aebebb3013d8e7b78c91a4a9a61c99b0d28f.jar C:\NMCT\Semester 4\MobileAppDevelopment\OefeningenOpnieuw\MediaMarktBelgium\app\build\intermediates\pre-dexed\debug\classes-18c7750a70288e9ad76b40c23ec144884ccadcc1.jar C:\NMCT\Semester 4\MobileAppDevelopment\OefeningenOpnieuw\MediaMarktBelgium\app\build\intermediates\pre-dexed\debug\classes-b73266c51c32ff8ba2b5552076f826a932935b4a.jar C:\NMCT\Semester 4\MobileAppDevelopment\OefeningenOpnieuw\MediaMarktBelgium\app\build\intermediates\pre-dexed\debug\classes-1906cb1b8a7d08a4a3383398251a37ecb8e0ddd3.jar C:\NMCT\Semester 4\MobileAppDevelopment\OefeningenOpnieuw\MediaMarktBelgium\app\build\intermediates\pre-dexed\debug\classes-e421c7451130e7d1d2066a48e8e84bdd999a0139.jar C:\NMCT\Semester 4\MobileAppDevelopment\OefeningenOpnieuw\MediaMarktBelgium\app\build\intermediates\pre-dexed\debug\classes-fb2d108094db64ee049e27a697c44dbf65715b08.jar C:\NMCT\
java_class_path (initial): C:\Users\Lucas\AppData\Local\Android\sdk\build-tools\22.0.1\lib\dx.jar
Launcher Type: SUN_STANDARD

Environment Variables:
JAVA_HOME=C:\Program Files\Java\jdk1.8.0_31
PATH=C:\ProgramData\Oracle\Java\javapath;c:\Program Files (x86)\Intel\iCLS Client\;c:\Program Files\Intel\iCLS Client\;C:\WINDOWS\system32;C:\WINDOWS;C:\WINDOWS\System32\Wbem;C:\WINDOWS\System32\WindowsPowerShell\v1.0\;c:\Program Files (x86)\Hewlett-Packard\HP ProtectTools Security Manager\Bin\;C:\Program Files (x86)\Intel\OpenCL SDK\3.0\bin\x86;C:\Program Files (x86)\Intel\OpenCL SDK\3.0\bin\x64;C:\Program Files\Intel\WiFi\bin\;C:\Program Files\Common Files\Intel\WirelessCommon\;C:\Program Files\Intel\Intel(R) Management Engine Components\DAL;C:\Program Files\Intel\Intel(R) Management Engine Components\IPT;C:\Program Files (x86)\Intel\Intel(R) Management Engine Components\DAL;C:\Program Files (x86)\Intel\Intel(R) Management Engine Components\IPT;C:\Program Files (x86)\Microsoft ASP.NET\ASP.NET Web Pages\v1.0\;C:\Program Files\Microsoft SQL Server\110\Tools\Binn\;C:\Program Files (x86)\ATI Technologies\ATI.ACE\Core-Static;C:\Program Files (x86)\Microsoft SQL Server\110\Tools\Binn\;C:\Program Files\Microsoft SQL Server\110\DTS\Binn\;C:\Program Files (x86)\Microsoft SQL Server\110\Tools\Binn\ManagementStudio\;C:\Program Files (x86)\Microsoft SQL Server\110\DTS\Binn\;C:\Program Files (x86)\QuickTime\QTSystem\;C:\Program Files (x86)\Windows Kits\8.1\Windows Performance Toolkit\;C:\Program Files (x86)\Microsoft SDKs\TypeScript\1.0\;C:\Program Files\Microsoft SQL Server\120\Tools\Binn\;C:\Program Files\OpenVPN\bin;C:\Program Files (x86)\processing-2.2.1;C:\Program Files\Microsoft\Web Platform Installer\
USERNAME=Lucas
OS=Windows_NT
PROCESSOR_IDENTIFIER=Intel64 Family 6 Model 58 Stepping 9, GenuineIntel



---------------  S Y S T E M  ---------------

OS: Windows 8.1 , 64 bit Build 9600 

CPU:total 4 (2 cores per cpu, 2 threads per core) family 6 model 58 stepping 9, cmov, cx8, fxsr, mmx, sse, sse2, sse3, ssse3, sse4.1, sse4.2, popcnt, avx, aes, clmul, erms, ht, tsc, tscinvbit, tscinv

Memory: 4k page, physical 8318456k(967768k free), swap 11464184k(6924k free)

vm_info: Java HotSpot(TM) 64-Bit Server VM (25.31-b07) for windows-amd64 JRE (1.8.0_31-b13), built on Dec 17 2014 21:00:28 by "java_re" with MS VC++ 10.0 (VS2010)

time: Sun May 03 17:00:19 2015
elapsed time: 4 seconds (0d 0h 0m 4s)

