#
# There is insufficient memory for the Java Runtime Environment to continue.
# Native memory allocation (malloc) failed to allocate 1284336 bytes for Chunk::new
# Possible reasons:
#   The system is out of physical RAM or swap space
#   In 32 bit mode, the process size limit was hit
# Possible solutions:
#   Reduce memory load on the system
#   Increase physical memory or swap space
#   Check if swap backing store is full
#   Use 64 bit Java on a 64 bit OS
#   Decrease Java heap size (-Xmx/-Xms)
#   Decrease number of Java threads
#   Decrease Java thread stack sizes (-Xss)
#   Set larger code cache with -XX:ReservedCodeCacheSize=
# This output file may be truncated or incomplete.
#
#  Out of Memory Error (allocation.cpp:390), pid=6616, tid=16684
#
# JRE version: Java(TM) SE Runtime Environment (8.0_31-b13) (build 1.8.0_31-b13)
# Java VM: Java HotSpot(TM) 64-Bit Server VM (25.31-b07 mixed mode windows-amd64 compressed oops)
# Failed to write core dump. Minidumps are not enabled by default on client versions of Windows
#

---------------  T H R E A D  ---------------

Current thread (0x00000000152fe000):  JavaThread "C2 CompilerThread1" daemon [_thread_in_native, id=16684, stack(0x0000000016910000,0x0000000016a10000)]

Stack: [0x0000000016910000,0x0000000016a10000]
Native frames: (J=compiled Java code, j=interpreted, Vv=VM code, C=native code)
V  [jvm.dll+0x3169ba]
V  [jvm.dll+0x2674c3]
V  [jvm.dll+0x268103]
V  [jvm.dll+0x25f8f5]
V  [jvm.dll+0xbf025]
V  [jvm.dll+0xbf4cc]
V  [jvm.dll+0x45df82]
V  [jvm.dll+0x49f21f]
V  [jvm.dll+0x452daf]
V  [jvm.dll+0x454124]
V  [jvm.dll+0x437c62]
V  [jvm.dll+0x988e2]
V  [jvm.dll+0x990d3]
V  [jvm.dll+0x22c194]
V  [jvm.dll+0x28576a]
C  [msvcr100.dll+0x21d9f]
C  [msvcr100.dll+0x21e3b]
C  [KERNEL32.DLL+0x13d2]
C  [ntdll.dll+0x15444]


Current CompileTask:
C2:   2406 1264   !   4       com.android.dx.cf.code.BytecodeArray::parseInstruction (2764 bytes)


---------------  P R O C E S S  ---------------

Java Threads: ( => current thread )
  0x000000001530b000 JavaThread "Service Thread" daemon [_thread_blocked, id=4576, stack(0x0000000016b10000,0x0000000016c10000)]
  0x0000000015304800 JavaThread "C1 CompilerThread2" daemon [_thread_blocked, id=16604, stack(0x0000000016a10000,0x0000000016b10000)]
=>0x00000000152fe000 JavaThread "C2 CompilerThread1" daemon [_thread_in_native, id=16684, stack(0x0000000016910000,0x0000000016a10000)]
  0x00000000152ae000 JavaThread "C2 CompilerThread0" daemon [_thread_in_native, id=7024, stack(0x0000000016810000,0x0000000016910000)]
  0x00000000152ac800 JavaThread "Attach Listener" daemon [_thread_blocked, id=13108, stack(0x0000000016710000,0x0000000016810000)]
  0x00000000152ab800 JavaThread "Signal Dispatcher" daemon [_thread_blocked, id=7624, stack(0x0000000016610000,0x0000000016710000)]
  0x0000000002bd5000 JavaThread "Finalizer" daemon [_thread_blocked, id=17508, stack(0x0000000016500000,0x0000000016600000)]
  0x0000000002bcc000 JavaThread "Reference Handler" daemon [_thread_blocked, id=776, stack(0x0000000016400000,0x0000000016500000)]
  0x00000000029dd800 JavaThread "main" [_thread_in_vm, id=16192, stack(0x00000000029e0000,0x0000000002ae0000)]

Other Threads:
  0x0000000015276000 VMThread [stack: 0x0000000016300000,0x0000000016400000] [id=13812]
  0x000000001530e000 WatcherThread [stack: 0x0000000016c10000,0x0000000016d10000] [id=11300]

VM state:not at safepoint (normal execution)

VM Mutex/Monitor currently owned by a thread: None

Heap:
 PSYoungGen      total 38400K, used 25983K [0x00000000eab00000, 0x00000000ed580000, 0x0000000100000000)
  eden space 33280K, 78% used [0x00000000eab00000,0x00000000ec45fc78,0x00000000ecb80000)
  from space 5120K, 0% used [0x00000000ed080000,0x00000000ed080000,0x00000000ed580000)
  to   space 5120K, 0% used [0x00000000ecb80000,0x00000000ecb80000,0x00000000ed080000)
 ParOldGen       total 87552K, used 0K [0x00000000c0000000, 0x00000000c5580000, 0x00000000eab00000)
  object space 87552K, 0% used [0x00000000c0000000,0x00000000c0000000,0x00000000c5580000)
 Metaspace       used 5659K, capacity 6896K, committed 7040K, reserved 1056768K
  class space    used 547K, capacity 616K, committed 640K, reserved 1048576K

Card table byte_map: [0x0000000011fa0000,0x00000000121b0000] byte_map_base: 0x00000000119a0000

Marking Bits: (ParMarkBitMap*) 0x0000000073fbd4f0
 Begin Bits: [0x0000000012710000, 0x0000000013710000)
 End Bits:   [0x0000000013710000, 0x0000000014710000)

Polling page: 0x0000000002970000

CodeCache: size=245760Kb used=5129Kb max_used=5129Kb free=240630Kb
 bounds [0x0000000002be0000, 0x00000000030f0000, 0x0000000011be0000]
 total_blobs=1543 nmethods=1283 adapters=174
 compilation: enabled

Compilation events (10 events):
Event: 2.374 Thread 0x0000000015304800 1276       3       com.android.dx.ssa.SsaMethod::makeExitBlock (134 bytes)
Event: 2.375 Thread 0x0000000015304800 nmethod 1276 0x00000000030db6d0 code [0x00000000030db960, 0x00000000030dc948]
Event: 2.376 Thread 0x0000000015304800 1277       3       com.android.dx.ssa.SsaMethod::getCountReachableBlocks (44 bytes)
Event: 2.376 Thread 0x0000000015304800 nmethod 1277 0x00000000030cd890 code [0x00000000030cda60, 0x00000000030ce318]
Event: 2.376 Thread 0x0000000015304800 1278       3       com.android.dx.ssa.back.SsaToRop::convertBasicBlocks (151 bytes)
Event: 2.379 Thread 0x0000000015304800 nmethod 1278 0x00000000030dd250 code [0x00000000030dd540, 0x00000000030dedd8]
Event: 2.379 Thread 0x0000000015304800 1279   !   3       com.android.dx.rop.type.Type::putIntern (50 bytes)
Event: 2.380 Thread 0x0000000015304800 nmethod 1279 0x00000000030dfb10 code [0x00000000030dfd00, 0x00000000030e07d8]
Event: 2.381 Thread 0x0000000015304800 1280       3       com.android.dx.util.LabeledList::rebuildLabelToIndex (46 bytes)
Event: 2.382 Thread 0x0000000015304800 nmethod 1280 0x00000000030e0d10 code [0x00000000030e0ec0, 0x00000000030e1548]

GC Heap History (0 events):
No events

Deoptimization events (0 events):
No events

Internal exceptions (10 events):
Event: 0.943 Thread 0x00000000029dd800 Exception <a 'java/security/PrivilegedActionException'> (0x00000000eb3d6350) thrown at [C:\workspace\8-2-build-windows-amd64-cygwin\jdk8u31\2394\hotspot\src\share\vm\prims\jvm.cpp, line 1312]
Event: 0.956 Thread 0x00000000029dd800 Exception <a 'java/security/PrivilegedActionException'> (0x00000000eb410860) thrown at [C:\workspace\8-2-build-windows-amd64-cygwin\jdk8u31\2394\hotspot\src\share\vm\prims\jvm.cpp, line 1312]
Event: 0.976 Thread 0x00000000029dd800 Exception <a 'java/security/PrivilegedActionException'> (0x00000000eb468f58) thrown at [C:\workspace\8-2-build-windows-amd64-cygwin\jdk8u31\2394\hotspot\src\share\vm\prims\jvm.cpp, line 1312]
Event: 0.977 Thread 0x00000000029dd800 Exception <a 'java/security/PrivilegedActionException'> (0x00000000eb46bfe0) thrown at [C:\workspace\8-2-build-windows-amd64-cygwin\jdk8u31\2394\hotspot\src\share\vm\prims\jvm.cpp, line 1312]
Event: 1.027 Thread 0x00000000029dd800 Exception <a 'java/security/PrivilegedActionException'> (0x00000000eb480c58) thrown at [C:\workspace\8-2-build-windows-amd64-cygwin\jdk8u31\2394\hotspot\src\share\vm\prims\jvm.cpp, line 1312]
Event: 1.035 Thread 0x00000000029dd800 Exception <a 'java/security/PrivilegedActionException'> (0x00000000eb495de8) thrown at [C:\workspace\8-2-build-windows-amd64-cygwin\jdk8u31\2394\hotspot\src\share\vm\prims\jvm.cpp, line 1312]
Event: 1.044 Thread 0x00000000029dd800 Exception <a 'java/security/PrivilegedActionException'> (0x00000000eb4a6138) thrown at [C:\workspace\8-2-build-windows-amd64-cygwin\jdk8u31\2394\hotspot\src\share\vm\prims\jvm.cpp, line 1312]
Event: 1.057 Thread 0x00000000029dd800 Exception <a 'java/security/PrivilegedActionException'> (0x00000000eb4e1898) thrown at [C:\workspace\8-2-build-windows-amd64-cygwin\jdk8u31\2394\hotspot\src\share\vm\prims\jvm.cpp, line 1312]
Event: 1.065 Thread 0x00000000029dd800 Exception <a 'java/security/PrivilegedActionException'> (0x00000000eb4fba30) thrown at [C:\workspace\8-2-build-windows-amd64-cygwin\jdk8u31\2394\hotspot\src\share\vm\prims\jvm.cpp, line 1312]
Event: 1.101 Thread 0x00000000029dd800 Exception <a 'java/security/PrivilegedActionException'> (0x00000000eb518520) thrown at [C:\workspace\8-2-build-windows-amd64-cygwin\jdk8u31\2394\hotspot\src\share\vm\prims\jvm.cpp, line 1312]

Events (10 events):
Event: 1.057 loading class com/android/dx/cf/code/SwitchList
Event: 1.057 loading class com/android/dx/cf/code/SwitchList done
Event: 1.065 loading class com/android/dx/rop/code/RegOps
Event: 1.065 loading class com/android/dx/rop/code/RegOps done
Event: 1.101 loading class com/android/dx/cf/attrib/AttEnclosingMethod
Event: 1.101 loading class com/android/dx/cf/attrib/AttEnclosingMethod done
Event: 1.218 loading class java/util/ArrayList$1
Event: 1.218 loading class java/util/ArrayList$1 done
Event: 1.246 Executing VM operation: ForceSafepoint
Event: 1.247 Executing VM operation: ForceSafepoint done


Dynamic libraries:
0x00007ff76d9d0000 - 0x00007ff76da04000 	C:\Program Files\Java\jdk1.8.0_31\bin\java.exe
0x00007ffc75330000 - 0x00007ffc754dc000 	C:\WINDOWS\SYSTEM32\ntdll.dll
0x00007ffc744d0000 - 0x00007ffc7460e000 	C:\WINDOWS\system32\KERNEL32.DLL
0x00007ffc72890000 - 0x00007ffc729a5000 	C:\WINDOWS\system32\KERNELBASE.dll
0x00007ffc70f20000 - 0x00007ffc70fae000 	C:\WINDOWS\system32\apphelp.dll
0x00007ffc5c6f0000 - 0x00007ffc5c743000 	C:\WINDOWS\AppPatch\AppPatch64\AcGenral.DLL
0x00007ffc74e40000 - 0x00007ffc74eea000 	C:\WINDOWS\system32\msvcrt.dll
0x00007ffc722b0000 - 0x00007ffc722de000 	C:\WINDOWS\SYSTEM32\SspiCli.dll
0x00007ffc729b0000 - 0x00007ffc72a04000 	C:\WINDOWS\system32\SHLWAPI.dll
0x00007ffc74350000 - 0x00007ffc744c7000 	C:\WINDOWS\system32\USER32.dll
0x00007ffc75190000 - 0x00007ffc75324000 	C:\WINDOWS\system32\ole32.dll
0x00007ffc72dc0000 - 0x00007ffc742d8000 	C:\WINDOWS\system32\SHELL32.dll
0x00007ffc71a20000 - 0x00007ffc71a41000 	C:\WINDOWS\SYSTEM32\USERENV.dll
0x00007ffc72b60000 - 0x00007ffc72c0a000 	C:\WINDOWS\system32\ADVAPI32.dll
0x00007ffc5fb80000 - 0x00007ffc5fb9e000 	C:\WINDOWS\SYSTEM32\MPR.dll
0x00007ffc72a10000 - 0x00007ffc72b51000 	C:\WINDOWS\system32\RPCRT4.dll
0x00007ffc74d20000 - 0x00007ffc74d79000 	C:\WINDOWS\SYSTEM32\sechost.dll
0x00007ffc74b00000 - 0x00007ffc74d11000 	C:\WINDOWS\SYSTEM32\combase.dll
0x00007ffc74fc0000 - 0x00007ffc75111000 	C:\WINDOWS\system32\GDI32.dll
0x00007ffc72480000 - 0x00007ffc72495000 	C:\WINDOWS\SYSTEM32\profapi.dll
0x00007ffc708d0000 - 0x00007ffc70982000 	C:\WINDOWS\SYSTEM32\SHCORE.dll
0x00007ffc74ac0000 - 0x00007ffc74af6000 	C:\WINDOWS\system32\IMM32.DLL
0x00007ffc74670000 - 0x00007ffc747c2000 	C:\WINDOWS\system32\MSCTF.dll
0x00007ffc6fea0000 - 0x00007ffc7011b000 	C:\WINDOWS\WinSxS\amd64_microsoft.windows.common-controls_6595b64144ccf1df_6.0.9600.17415_none_6240486fecbd8abb\COMCTL32.dll
0x0000000073460000 - 0x0000000073532000 	C:\Program Files\Java\jdk1.8.0_31\jre\bin\msvcr100.dll
0x00000000737e0000 - 0x000000007403a000 	C:\Program Files\Java\jdk1.8.0_31\jre\bin\server\jvm.dll
0x00007ffc693c0000 - 0x00007ffc693c9000 	C:\WINDOWS\SYSTEM32\WSOCK32.dll
0x00007ffc6dfc0000 - 0x00007ffc6dfe2000 	C:\WINDOWS\SYSTEM32\WINMM.dll
0x00007ffc749f0000 - 0x00007ffc749f7000 	C:\WINDOWS\system32\PSAPI.DLL
0x00007ffc75120000 - 0x00007ffc7517a000 	C:\WINDOWS\system32\WS2_32.dll
0x00007ffc6e000000 - 0x00007ffc6e02a000 	C:\WINDOWS\SYSTEM32\WINMMBASE.dll
0x00007ffc749b0000 - 0x00007ffc749b9000 	C:\WINDOWS\system32\NSI.dll
0x00007ffc72840000 - 0x00007ffc7288f000 	C:\WINDOWS\SYSTEM32\cfgmgr32.dll
0x00007ffc71170000 - 0x00007ffc71198000 	C:\WINDOWS\SYSTEM32\DEVOBJ.dll
0x00000000747e0000 - 0x00000000747ef000 	C:\Program Files\Java\jdk1.8.0_31\jre\bin\verify.dll
0x00000000747b0000 - 0x00000000747d8000 	C:\Program Files\Java\jdk1.8.0_31\jre\bin\java.dll
0x0000000074790000 - 0x00000000747a6000 	C:\Program Files\Java\jdk1.8.0_31\jre\bin\zip.dll
0x00007ffc686b0000 - 0x00007ffc6883a000 	C:\WINDOWS\SYSTEM32\dbghelp.dll

VM Arguments:
jvm_args: -Xmx1024M -Dfile.encoding=windows-1252 -Duser.country=BE -Duser.language=nl -Duser.variant 
java_command: com.android.dx.command.Main --dex --output C:\NMCT\Semester 4\MobileAppDevelopment\OefeningenOpnieuw\MediaMarktBelgium\app\build\intermediates\pre-dexed\debug\classes-84add33e5f25847813d473121811f19425077021.jar C:\NMCT\Semester 4\MobileAppDevelopment\OefeningenOpnieuw\MediaMarktBelgium\app\build\intermediates\exploded-aar\com.google.android.gms\play-services-fitness\7.3.0\classes.jar
java_class_path (initial): C:\Users\Lucas\AppData\Local\Android\sdk\build-tools\22.0.1\lib\dx.jar
Launcher Type: SUN_STANDARD

Environment Variables:
JAVA_HOME=C:\Program Files\Java\jdk1.8.0_31
PATH=C:\ProgramData\Oracle\Java\javapath;c:\Program Files (x86)\Intel\iCLS Client\;c:\Program Files\Intel\iCLS Client\;C:\WINDOWS\system32;C:\WINDOWS;C:\WINDOWS\System32\Wbem;C:\WINDOWS\System32\WindowsPowerShell\v1.0\;c:\Program Files (x86)\Hewlett-Packard\HP ProtectTools Security Manager\Bin\;C:\Program Files (x86)\Intel\OpenCL SDK\3.0\bin\x86;C:\Program Files (x86)\Intel\OpenCL SDK\3.0\bin\x64;C:\Program Files\Intel\WiFi\bin\;C:\Program Files\Common Files\Intel\WirelessCommon\;C:\Program Files\Intel\Intel(R) Management Engine Components\DAL;C:\Program Files\Intel\Intel(R) Management Engine Components\IPT;C:\Program Files (x86)\Intel\Intel(R) Management Engine Components\DAL;C:\Program Files (x86)\Intel\Intel(R) Management Engine Components\IPT;C:\Program Files (x86)\Microsoft ASP.NET\ASP.NET Web Pages\v1.0\;C:\Program Files\Microsoft SQL Server\110\Tools\Binn\;C:\Program Files (x86)\ATI Technologies\ATI.ACE\Core-Static;C:\Program Files (x86)\Microsoft SQL Server\110\Tools\Binn\;C:\Program Files\Microsoft SQL Server\110\DTS\Binn\;C:\Program Files (x86)\Microsoft SQL Server\110\Tools\Binn\ManagementStudio\;C:\Program Files (x86)\Microsoft SQL Server\110\DTS\Binn\;C:\Program Files (x86)\QuickTime\QTSystem\;C:\Program Files (x86)\Windows Kits\8.1\Windows Performance Toolkit\;C:\Program Files (x86)\Microsoft SDKs\TypeScript\1.0\;C:\Program Files\Microsoft SQL Server\120\Tools\Binn\;C:\Program Files\OpenVPN\bin;C:\Program Files (x86)\processing-2.2.1;C:\Program Files\Microsoft\Web Platform Installer\
USERNAME=Lucas
OS=Windows_NT
PROCESSOR_IDENTIFIER=Intel64 Family 6 Model 58 Stepping 9, GenuineIntel



---------------  S Y S T E M  ---------------

OS: Windows 8.1 , 64 bit Build 9600 

CPU:total 4 (2 cores per cpu, 2 threads per core) family 6 model 58 stepping 9, cmov, cx8, fxsr, mmx, sse, sse2, sse3, ssse3, sse4.1, sse4.2, popcnt, avx, aes, clmul, erms, ht, tsc, tscinvbit, tscinv

Memory: 4k page, physical 8318456k(1128052k free), swap 11464184k(5520k free)

vm_info: Java HotSpot(TM) 64-Bit Server VM (25.31-b07) for windows-amd64 JRE (1.8.0_31-b13), built on Dec 17 2014 21:00:28 by "java_re" with MS VC++ 10.0 (VS2010)

time: Sun May 03 20:33:20 2015
elapsed time: 2 seconds (0d 0h 0m 2s)

