JvmtiExport can_access_local_variables 0
JvmtiExport can_hotswap_or_post_breakpoint 0
JvmtiExport can_post_on_exceptions 0
# 503 ciObject found
ciMethod java/lang/Object <init> ()V 4097 1 527479 0 0
ciMethod java/lang/Object equals (Ljava/lang/Object;)Z 4097 1 5648 0 -1
ciMethod java/lang/String length ()I 3105 1 9618 0 -1
ciMethod java/lang/String charAt (I)C 4097 1 36456 0 128
ciMethod java/lang/String getChars (II[CI)V 2057 1 5351 0 -1
ciMethod java/lang/String substring (I)Ljava/lang/String; 2049 1 4065 0 -1
ciMethod java/lang/System arraycopy (Ljava/lang/Object;ILjava/lang/Object;II)V 5121 1 640 0 -1
ciMethod java/lang/RuntimeException <init> (Ljava/lang/String;)V 0 0 1 0 -1
ciMethod java/util/Map get (Ljava/lang/Object;)Ljava/lang/Object; 0 0 1 0 -1
ciMethod java/util/Map put (Ljava/lang/Object;Ljava/lang/Object;)Ljava/lang/Object; 0 0 1 0 -1
ciMethod java/lang/AbstractStringBuilder ensureCapacityInternal (I)V 2049 1 9514 0 -1
ciMethod java/lang/AbstractStringBuilder expandCapacity (I)V 649 1 3645 0 -1
ciMethod java/lang/AbstractStringBuilder append (Ljava/lang/String;)Ljava/lang/AbstractStringBuilder; 1145 1 5263 0 -1
ciMethod java/lang/AbstractStringBuilder appendNull ()Ljava/lang/AbstractStringBuilder; 0 0 1 0 -1
ciMethod java/lang/StringBuilder <init> ()V 569 1 6240 0 -1
ciMethod java/lang/StringBuilder append (Ljava/lang/String;)Ljava/lang/StringBuilder; 1073 1 13305 0 -1
ciMethod java/lang/StringBuilder append (C)Ljava/lang/StringBuilder; 3633 1 3200 0 -1
ciMethod java/lang/StringBuilder toString ()Ljava/lang/String; 593 1 6251 0 -1
ciMethod java/lang/NullPointerException <init> (Ljava/lang/String;)V 0 0 1 0 -1
ciMethod java/util/Iterator hasNext ()Z 0 0 1 0 -1
ciMethod java/util/Iterator next ()Ljava/lang/Object; 0 0 1 0 -1
ciMethod java/util/ArrayList ensureCapacityInternal (I)V 641 1 148552 0 -1
ciMethod java/util/ArrayList size ()I 1097 1 137 0 0
ciMethod java/util/ArrayList elementData (I)Ljava/lang/Object; 1897 1 538024 0 0
ciMethod java/util/ArrayList get (I)Ljava/lang/Object; 1897 1 519531 0 128
ciMethod java/util/ArrayList set (ILjava/lang/Object;)Ljava/lang/Object; 369 1 2294 0 0
ciMethod java/util/ArrayList add (Ljava/lang/Object;)Z 641 1 146488 0 -1
ciMethod java/util/ArrayList remove (I)Ljava/lang/Object; 2273 1 5440 0 -1
ciMethod java/util/ArrayList clear ()V 3489 7761 5556 0 192
ciMethod java/util/ArrayList rangeCheck (I)V 1897 1 527265 0 0
ciMethod java/util/ArrayList iterator ()Ljava/util/Iterator; 2105 1 84169 0 192
ciMethod java/util/ArrayList access$100 (Ljava/util/ArrayList;)I 1281 1 160 0 0
ciMethod java/util/HashMap <init> ()V 129 1 24956 0 -1
ciMethodData java/lang/Object <init> ()V 2 527479 orig 264 104 158 217 115 0 0 0 0 136 4 73 20 0 0 0 0 32 1 0 0 0 0 0 0 0 0 0 0 0 0 0 0 0 0 0 0 0 0 0 0 0 0 0 0 0 0 0 0 0 0 0 0 0 0 0 0 0 0 0 0 0 0 0 0 0 0 0 0 0 0 0 0 0 0 0 0 0 0 0 0 77 68 79 32 101 120 116 114 97 32 100 97 116 97 32 108 111 99 107 0 0 0 0 0 0 0 0 0 0 0 0 0 0 0 0 0 0 0 0 0 0 0 0 0 0 0 0 0 0 0 0 0 0 0 0 0 0 0 0 0 0 0 0 0 0 0 0 0 0 0 0 0 0 0 0 0 0 0 0 0 0 0 0 0 0 0 0 0 0 0 0 0 0 0 0 0 0 0 0 0 0 0 0 0 1 0 0 0 0 0 0 0 1 0 0 0 0 0 0 0 1 0 0 0 0 0 0 0 0 0 0 0 0 0 0 0 0 2 0 0 185 83 64 0 1 0 0 0 0 0 0 0 0 0 0 0 2 0 0 0 0 0 3 0 3 0 0 0 0 0 0 0 255 255 255 255 0 0 0 0 0 0 0 0 data 0 oops 0
ciMethod java/lang/IllegalArgumentException <init> (Ljava/lang/String;)V 0 0 1 0 -1
ciMethodData java/lang/String charAt (I)C 2 36456 orig 264 104 158 217 115 0 0 0 0 56 61 73 20 0 0 0 0 120 1 0 0 32 0 0 0 0 0 0 0 0 0 0 0 0 0 0 0 0 0 0 0 0 0 0 0 0 0 0 0 0 0 0 0 0 0 0 0 0 0 0 0 0 0 0 0 0 0 0 0 0 0 0 0 0 0 0 0 0 0 0 0 77 68 79 32 101 120 116 114 97 32 100 97 116 97 32 108 111 99 107 0 0 0 0 0 0 0 0 0 0 0 0 0 0 0 0 0 0 0 0 0 0 0 0 0 0 0 0 0 0 0 0 0 0 0 0 0 0 0 0 0 0 0 0 0 0 0 0 0 0 0 0 0 0 0 0 0 0 0 0 0 0 0 0 0 0 0 0 0 0 0 0 0 0 0 0 0 0 0 0 0 0 0 0 0 0 0 0 0 0 0 0 0 0 0 0 0 0 0 0 0 0 0 0 0 0 0 0 0 0 0 0 0 0 0 0 0 0 2 0 0 65 99 4 0 1 0 0 0 0 0 0 0 0 0 0 0 2 0 0 0 0 0 8 0 4 0 1 0 80 0 0 0 255 255 255 255 7 0 1 0 0 0 0 0 data 10 0x10007 0x0 0x40 0x8c68 0xa0007 0x8c68 0x30 0x0 0x120002 0x0 oops 0
ciMethodData java/lang/String length ()I 2 9618 orig 264 104 158 217 115 0 0 0 0 232 59 73 20 0 0 0 0 32 1 0 0 0 0 0 0 0 0 0 0 0 0 0 0 0 0 0 0 0 0 0 0 0 0 0 0 0 0 0 0 0 0 0 0 0 0 0 0 0 0 0 0 0 0 0 0 0 0 0 0 0 0 0 0 0 0 0 0 0 0 0 0 77 68 79 32 101 120 116 114 97 32 100 97 116 97 32 108 111 99 107 0 0 0 0 0 0 0 0 0 0 0 0 0 0 0 0 0 0 0 0 0 0 0 0 0 0 0 0 0 0 0 0 0 0 0 0 0 0 0 0 0 0 0 0 0 0 0 0 0 0 0 0 0 0 0 0 0 0 0 0 0 0 0 0 0 0 0 0 0 0 0 0 0 0 0 0 0 0 0 0 0 0 0 0 0 1 0 0 0 0 0 0 0 0 0 0 0 0 0 0 0 1 0 0 0 0 0 0 0 0 0 0 0 0 0 0 0 132 1 0 0 113 32 1 0 1 0 0 0 0 0 0 0 0 0 0 0 2 0 0 0 0 0 3 0 3 0 0 0 0 0 0 0 255 255 255 255 0 0 0 0 0 0 0 0 data 0 oops 0
ciMethodData java/lang/AbstractStringBuilder ensureCapacityInternal (I)V 2 9514 orig 264 104 158 217 115 0 0 0 0 48 18 80 20 0 0 0 0 160 1 0 0 0 0 0 0 0 0 0 0 0 0 0 0 0 0 0 0 0 0 0 0 0 0 0 0 0 0 0 0 0 0 0 0 0 0 0 0 0 0 0 0 0 0 0 0 0 0 0 0 0 0 0 0 0 0 0 0 0 0 0 0 77 68 79 32 101 120 116 114 97 32 100 97 116 97 32 108 111 99 107 0 0 0 0 0 0 0 0 0 0 0 0 0 0 0 0 0 0 0 0 0 0 0 0 0 0 0 0 0 0 0 0 0 0 0 0 0 0 0 0 0 0 0 0 0 0 0 0 0 0 0 0 0 0 0 0 0 0 0 0 0 0 0 0 0 0 0 0 0 0 0 0 0 0 0 0 0 0 0 0 0 0 0 0 0 0 0 0 0 0 0 0 0 0 0 0 0 0 0 0 0 0 0 0 0 0 0 0 0 0 0 0 0 0 0 0 0 0 1 0 0 81 33 1 0 1 0 0 0 0 0 0 0 0 0 0 0 2 0 0 0 0 0 6 0 3 0 1 0 80 0 0 0 255 255 255 255 7 0 7 0 0 0 0 0 data 10 0x70007 0x163e 0x50 0xdec 0xc0005 0x0 0x14e1d9a0 0xdec 0x0 0x0 oops 1